<?xml version="1.0" encoding="UTF-8"?>
<!-- Generated by org.testng.reporters.JUnitReportReporter -->
<testsuite hostname="DESKTOP-T93JM9K" failures="0" tests="1" name="com.tests.LoginPageTest" time="0.025" errors="0" timestamp="2024-03-17T12:40:59 IST" skipped="0">
  <testcase classname="com.tests.LoginPageTest" name="loginPageTitleValidation" time="0.025"/>
  <system-out/>
</testsuite> <!-- com.tests.LoginPageTest -->
